0 info it worked if it ends with ok
1 verbose cli [ '/Users/sonnguyenngoc/.nvm/versions/node/v7.2.1/bin/node',
1 verbose cli   '/Users/sonnguyenngoc/.nvm/versions/node/v7.2.1/bin/npm',
1 verbose cli   'run',
1 verbose cli   'user' ]
2 info using npm@3.10.10
3 info using node@v7.2.1
4 verbose run-script [ 'preuser', 'user', 'postuser' ]
5 info lifecycle voz-living-react-native@0.0.1~preuser: voz-living-react-native@0.0.1
6 silly lifecycle voz-living-react-native@0.0.1~preuser: no script for preuser, continuing
7 info lifecycle voz-living-react-native@0.0.1~user: voz-living-react-native@0.0.1
8 verbose lifecycle voz-living-react-native@0.0.1~user: unsafe-perm in lifecycle true
9 verbose lifecycle voz-living-react-native@0.0.1~user: PATH: /Users/sonnguyenngoc/.nvm/versions/node/v7.2.1/lib/node_modules/npm/bin/node-gyp-bin:/Users/sonnguyenngoc/Documents/PersonalProject/react-native/voz-living-react-native/node_modules/.bin:/Users/sonnguyenngoc/.nvm/versions/node/v7.2.1/bin:/usr/local/bin:/usr/bin:/bin:/usr/sbin:/sbin:/opt/X11/bin:/usr/local/go/bin
10 verbose lifecycle voz-living-react-native@0.0.1~user: CWD: /Users/sonnguyenngoc/Documents/PersonalProject/react-native/voz-living-react-native
11 silly lifecycle voz-living-react-native@0.0.1~user: Args: [ '-c', 'babel utilities/__test__/user-test.js' ]
12 silly lifecycle voz-living-react-native@0.0.1~user: Returned: code: 2  signal: null
13 info lifecycle voz-living-react-native@0.0.1~user: Failed to exec user script
14 verbose stack Error: voz-living-react-native@0.0.1 user: `babel utilities/__test__/user-test.js`
14 verbose stack Exit status 2
14 verbose stack     at EventEmitter.<anonymous> (/Users/sonnguyenngoc/.nvm/versions/node/v7.2.1/lib/node_modules/npm/lib/utils/lifecycle.js:255:16)
14 verbose stack     at emitTwo (events.js:106:13)
14 verbose stack     at EventEmitter.emit (events.js:191:7)
14 verbose stack     at ChildProcess.<anonymous> (/Users/sonnguyenngoc/.nvm/versions/node/v7.2.1/lib/node_modules/npm/lib/utils/spawn.js:40:14)
14 verbose stack     at emitTwo (events.js:106:13)
14 verbose stack     at ChildProcess.emit (events.js:191:7)
14 verbose stack     at maybeClose (internal/child_process.js:885:16)
14 verbose stack     at Process.ChildProcess._handle.onexit (internal/child_process.js:226:5)
15 verbose pkgid voz-living-react-native@0.0.1
16 verbose cwd /Users/sonnguyenngoc/Documents/PersonalProject/react-native/voz-living-react-native
17 error Darwin 16.6.0
18 error argv "/Users/sonnguyenngoc/.nvm/versions/node/v7.2.1/bin/node" "/Users/sonnguyenngoc/.nvm/versions/node/v7.2.1/bin/npm" "run" "user"
19 error node v7.2.1
20 error npm  v3.10.10
21 error code ELIFECYCLE
22 error voz-living-react-native@0.0.1 user: `babel utilities/__test__/user-test.js`
22 error Exit status 2
23 error Failed at the voz-living-react-native@0.0.1 user script 'babel utilities/__test__/user-test.js'.
23 error Make sure you have the latest version of node.js and npm installed.
23 error If you do, this is most likely a problem with the voz-living-react-native package,
23 error not with npm itself.
23 error Tell the author that this fails on your system:
23 error     babel utilities/__test__/user-test.js
23 error You can get information on how to open an issue for this project with:
23 error     npm bugs voz-living-react-native
23 error Or if that isn't available, you can get their info via:
23 error     npm owner ls voz-living-react-native
23 error There is likely additional logging output above.
24 verbose exit [ 1, true ]
